{"D:\\Coding\\Projects\\CMS-NuKeys\\src\\app.js": {"path":"D:\\Coding\\Projects\\CMS-NuKeys\\src\\app.js","statementMap":{"0":{"start":{"line":10,"column":12},"end":{"line":10,"column":21}},"1":{"start":{"line":14,"column":0},"end":{"line":14,"column":26}},"2":{"start":{"line":18,"column":0},"end":{"line":18,"column":52}},"3":{"start":{"line":21,"column":0},"end":{"line":21,"column":27}},"4":{"start":{"line":24,"column":0},"end":{"line":24,"column":16}},"5":{"start":{"line":26,"column":0},"end":{"line":26,"column":22}},"6":{"start":{"line":29,"column":0},"end":{"line":29,"column":31}},"7":{"start":{"line":30,"column":0},"end":{"line":30,"column":30}},"8":{"start":{"line":33,"column":0},"end":{"line":41,"column":3}},"9":{"start":{"line":34,"column":2},"end":{"line":34,"column":39}},"10":{"start":{"line":35,"column":2},"end":{"line":35,"column":36}},"11":{"start":{"line":36,"column":2},"end":{"line":36,"column":36}},"12":{"start":{"line":37,"column":2},"end":{"line":37,"column":36}},"13":{"start":{"line":38,"column":2},"end":{"line":38,"column":38}},"14":{"start":{"line":40,"column":2},"end":{"line":40,"column":26}},"15":{"start":{"line":43,"column":0},"end":{"line":45,"column":3}},"16":{"start":{"line":44,"column":2},"end":{"line":44,"column":42}}},"fnMap":{"0":{"name":"(anonymous_0)","decl":{"start":{"line":33,"column":19},"end":{"line":33,"column":20}},"loc":{"start":{"line":33,"column":31},"end":{"line":41,"column":1}},"line":33},"1":{"name":"(anonymous_1)","decl":{"start":{"line":43,"column":13},"end":{"line":43,"column":14}},"loc":{"start":{"line":43,"column":27},"end":{"line":45,"column":1}},"line":43}},"branchMap":{},"s":{"0":1,"1":1,"2":1,"3":1,"4":1,"5":1,"6":1,"7":1,"8":1,"9":0,"10":0,"11":0,"12":0,"13":0,"14":0,"15":1,"16":0},"f":{"0":0,"1":0},"b":{},"_coverageSchema":"1a1c01bbd47fc00a2c39e90264f33305004495a9","hash":"c4ff8d87fd35d3dda58f356cd044f1d0735b2282"}
,"D:\\Coding\\Projects\\CMS-NuKeys\\src\\controllers\\index.js": {"path":"D:\\Coding\\Projects\\CMS-NuKeys\\src\\controllers\\index.js","statementMap":{},"fnMap":{},"branchMap":{},"s":{},"f":{},"b":{},"_coverageSchema":"1a1c01bbd47fc00a2c39e90264f33305004495a9","hash":"c9486f1c5a21262ba6496618569e8b4c7d380712"}
,"D:\\Coding\\Projects\\CMS-NuKeys\\src\\controllers\\user\\index.js": {"path":"D:\\Coding\\Projects\\CMS-NuKeys\\src\\controllers\\user\\index.js","statementMap":{"0":{"start":{"line":5,"column":21},"end":{"line":5,"column":42}},"1":{"start":{"line":7,"column":4},"end":{"line":9,"column":7}},"2":{"start":{"line":13,"column":19},"end":{"line":13,"column":40}},"3":{"start":{"line":14,"column":4},"end":{"line":14,"column":42}},"4":{"start":{"line":15,"column":4},"end":{"line":15,"column":38}},"5":{"start":{"line":16,"column":15},"end":{"line":16,"column":32}},"6":{"start":{"line":17,"column":21},"end":{"line":17,"column":47}},"7":{"start":{"line":19,"column":4},"end":{"line":21,"column":7}},"8":{"start":{"line":25,"column":41},"end":{"line":25,"column":49}},"9":{"start":{"line":26,"column":24},"end":{"line":26,"column":32}},"10":{"start":{"line":27,"column":17},"end":{"line":27,"column":73}},"11":{"start":{"line":29,"column":4},"end":{"line":29,"column":27}},"12":{"start":{"line":33,"column":4},"end":{"line":33,"column":38}},"13":{"start":{"line":34,"column":4},"end":{"line":34,"column":34}},"14":{"start":{"line":35,"column":15},"end":{"line":35,"column":32}},"15":{"start":{"line":36,"column":24},"end":{"line":36,"column":32}},"16":{"start":{"line":37,"column":17},"end":{"line":37,"column":59}},"17":{"start":{"line":39,"column":4},"end":{"line":39,"column":27}},"18":{"start":{"line":43,"column":4},"end":{"line":43,"column":28}},"19":{"start":{"line":44,"column":15},"end":{"line":44,"column":32}},"20":{"start":{"line":45,"column":21},"end":{"line":45,"column":50}},"21":{"start":{"line":47,"column":4},"end":{"line":47,"column":27}}},"fnMap":{"0":{"name":"(anonymous_0)","decl":{"start":{"line":4,"column":2},"end":{"line":4,"column":3}},"loc":{"start":{"line":4,"column":30},"end":{"line":10,"column":3}},"line":4},"1":{"name":"(anonymous_1)","decl":{"start":{"line":12,"column":2},"end":{"line":12,"column":3}},"loc":{"start":{"line":12,"column":31},"end":{"line":22,"column":3}},"line":12},"2":{"name":"(anonymous_2)","decl":{"start":{"line":24,"column":2},"end":{"line":24,"column":3}},"loc":{"start":{"line":24,"column":29},"end":{"line":30,"column":3}},"line":24},"3":{"name":"(anonymous_3)","decl":{"start":{"line":32,"column":2},"end":{"line":32,"column":3}},"loc":{"start":{"line":32,"column":36},"end":{"line":40,"column":3}},"line":32},"4":{"name":"(anonymous_4)","decl":{"start":{"line":42,"column":2},"end":{"line":42,"column":3}},"loc":{"start":{"line":42,"column":34},"end":{"line":48,"column":3}},"line":42}},"branchMap":{},"s":{"0":0,"1":0,"2":0,"3":0,"4":0,"5":0,"6":0,"7":0,"8":0,"9":0,"10":0,"11":0,"12":0,"13":0,"14":0,"15":0,"16":0,"17":0,"18":0,"19":0,"20":0,"21":0},"f":{"0":0,"1":0,"2":0,"3":0,"4":0},"b":{},"_coverageSchema":"1a1c01bbd47fc00a2c39e90264f33305004495a9","hash":"c7b7122a84d05e3fb82ce52f6034d3fd24e69dda"}
,"D:\\Coding\\Projects\\CMS-NuKeys\\src\\controllers\\user\\userReg.js": {"path":"D:\\Coding\\Projects\\CMS-NuKeys\\src\\controllers\\user\\userReg.js","statementMap":{"0":{"start":{"line":5,"column":21},"end":{"line":5,"column":45}},"1":{"start":{"line":7,"column":4},"end":{"line":10,"column":9}},"2":{"start":{"line":17,"column":8},"end":{"line":17,"column":16}},"3":{"start":{"line":18,"column":17},"end":{"line":18,"column":53}},"4":{"start":{"line":19,"column":4},"end":{"line":19,"column":33}},"5":{"start":{"line":21,"column":4},"end":{"line":24,"column":9}},"6":{"start":{"line":28,"column":19},"end":{"line":28,"column":43}},"7":{"start":{"line":29,"column":4},"end":{"line":29,"column":42}},"8":{"start":{"line":30,"column":4},"end":{"line":30,"column":38}},"9":{"start":{"line":31,"column":15},"end":{"line":31,"column":32}},"10":{"start":{"line":32,"column":21},"end":{"line":32,"column":50}},"11":{"start":{"line":34,"column":4},"end":{"line":37,"column":9}},"12":{"start":{"line":44,"column":8},"end":{"line":44,"column":16}},"13":{"start":{"line":46,"column":21},"end":{"line":46,"column":65}},"14":{"start":{"line":48,"column":17},"end":{"line":48,"column":53}},"15":{"start":{"line":51,"column":4},"end":{"line":55,"column":9}},"16":{"start":{"line":62,"column":4},"end":{"line":62,"column":38}},"17":{"start":{"line":63,"column":4},"end":{"line":63,"column":34}},"18":{"start":{"line":64,"column":15},"end":{"line":64,"column":32}},"19":{"start":{"line":65,"column":24},"end":{"line":65,"column":32}},"20":{"start":{"line":66,"column":17},"end":{"line":66,"column":62}},"21":{"start":{"line":68,"column":4},"end":{"line":68,"column":27}},"22":{"start":{"line":72,"column":4},"end":{"line":72,"column":28}},"23":{"start":{"line":73,"column":15},"end":{"line":73,"column":32}},"24":{"start":{"line":74,"column":21},"end":{"line":74,"column":53}}},"fnMap":{"0":{"name":"(anonymous_0)","decl":{"start":{"line":4,"column":2},"end":{"line":4,"column":3}},"loc":{"start":{"line":4,"column":30},"end":{"line":11,"column":3}},"line":4},"1":{"name":"(anonymous_1)","decl":{"start":{"line":13,"column":2},"end":{"line":13,"column":3}},"loc":{"start":{"line":13,"column":31},"end":{"line":25,"column":3}},"line":13},"2":{"name":"(anonymous_2)","decl":{"start":{"line":27,"column":2},"end":{"line":27,"column":3}},"loc":{"start":{"line":27,"column":31},"end":{"line":38,"column":3}},"line":27},"3":{"name":"(anonymous_3)","decl":{"start":{"line":40,"column":2},"end":{"line":40,"column":3}},"loc":{"start":{"line":40,"column":29},"end":{"line":59,"column":3}},"line":40},"4":{"name":"(anonymous_4)","decl":{"start":{"line":61,"column":2},"end":{"line":61,"column":3}},"loc":{"start":{"line":61,"column":36},"end":{"line":69,"column":3}},"line":61},"5":{"name":"(anonymous_5)","decl":{"start":{"line":71,"column":2},"end":{"line":71,"column":3}},"loc":{"start":{"line":71,"column":34},"end":{"line":77,"column":3}},"line":71}},"branchMap":{},"s":{"0":0,"1":0,"2":0,"3":0,"4":0,"5":0,"6":0,"7":0,"8":0,"9":0,"10":0,"11":0,"12":0,"13":0,"14":0,"15":0,"16":0,"17":0,"18":0,"19":0,"20":0,"21":0,"22":0,"23":0,"24":0},"f":{"0":0,"1":0,"2":0,"3":0,"4":0,"5":0},"b":{},"_coverageSchema":"1a1c01bbd47fc00a2c39e90264f33305004495a9","hash":"c8f672a4b083d89cf05dbf7305700b8c19f87546"}
,"D:\\Coding\\Projects\\CMS-NuKeys\\src\\helpers\\index.js": {"path":"D:\\Coding\\Projects\\CMS-NuKeys\\src\\helpers\\index.js","statementMap":{},"fnMap":{},"branchMap":{},"s":{},"f":{},"b":{},"_coverageSchema":"1a1c01bbd47fc00a2c39e90264f33305004495a9","hash":"ac8bc6a24949b9c276c254ff9a0db900a26e23f3"}
,"D:\\Coding\\Projects\\CMS-NuKeys\\src\\helpers\\tests\\index.js": {"path":"D:\\Coding\\Projects\\CMS-NuKeys\\src\\helpers\\tests\\index.js","statementMap":{"0":{"start":{"line":7,"column":2},"end":{"line":7,"column":26}},"1":{"start":{"line":9,"column":2},"end":{"line":19,"column":3}},"2":{"start":{"line":9,"column":15},"end":{"line":9,"column":16}},"3":{"start":{"line":10,"column":4},"end":{"line":18,"column":7}},"4":{"start":{"line":20,"column":2},"end":{"line":28,"column":5}},"5":{"start":{"line":32,"column":2},"end":{"line":32,"column":26}}},"fnMap":{"0":{"name":"populateUsers","decl":{"start":{"line":6,"column":22},"end":{"line":6,"column":35}},"loc":{"start":{"line":6,"column":38},"end":{"line":29,"column":1}},"line":6},"1":{"name":"purgeUsersTable","decl":{"start":{"line":31,"column":22},"end":{"line":31,"column":37}},"loc":{"start":{"line":31,"column":40},"end":{"line":34,"column":1}},"line":31}},"branchMap":{},"s":{"0":1,"1":1,"2":1,"3":10,"4":1,"5":1},"f":{"0":1,"1":1},"b":{},"_coverageSchema":"1a1c01bbd47fc00a2c39e90264f33305004495a9","hash":"b557bbf5e8844cdbc3a504ef481a46f3b8ccaff7"}
,"D:\\Coding\\Projects\\CMS-NuKeys\\src\\lib\\index.js": {"path":"D:\\Coding\\Projects\\CMS-NuKeys\\src\\lib\\index.js","statementMap":{},"fnMap":{},"branchMap":{},"s":{},"f":{},"b":{},"_coverageSchema":"1a1c01bbd47fc00a2c39e90264f33305004495a9","hash":"7162c29c0b7e5cf9b8c51fcfef321d14b3ca0040"}
,"D:\\Coding\\Projects\\CMS-NuKeys\\src\\lib\\knex\\config.js": {"path":"D:\\Coding\\Projects\\CMS-NuKeys\\src\\lib\\knex\\config.js","statementMap":{"0":{"start":{"line":1,"column":15},"end":{"line":1,"column":32}},"1":{"start":{"line":2,"column":13},"end":{"line":2,"column":28}},"2":{"start":{"line":4,"column":0},"end":{"line":4,"column":66}},"3":{"start":{"line":6,"column":23},"end":{"line":6,"column":46}},"4":{"start":{"line":8,"column":14},"end":{"line":10,"column":22}},"5":{"start":{"line":12,"column":19},"end":{"line":22,"column":1}},"6":{"start":{"line":24,"column":0},"end":{"line":24,"column":28}}},"fnMap":{},"branchMap":{"0":{"loc":{"start":{"line":8,"column":14},"end":{"line":10,"column":22}},"type":"cond-expr","locations":[{"start":{"line":9,"column":4},"end":{"line":9,"column":27}},{"start":{"line":10,"column":4},"end":{"line":10,"column":22}}],"line":8}},"s":{"0":2,"1":2,"2":2,"3":2,"4":2,"5":2,"6":2},"f":{},"b":{"0":[2,0]},"_coverageSchema":"1a1c01bbd47fc00a2c39e90264f33305004495a9","hash":"fb81bc13f59e5cd022f9b762cd328f1fe0800526"}
,"D:\\Coding\\Projects\\CMS-NuKeys\\src\\lib\\knex\\index.js": {"path":"D:\\Coding\\Projects\\CMS-NuKeys\\src\\lib\\knex\\index.js","statementMap":{"0":{"start":{"line":4,"column":18},"end":{"line":4,"column":34}}},"fnMap":{},"branchMap":{},"s":{"0":2},"f":{},"b":{},"_coverageSchema":"1a1c01bbd47fc00a2c39e90264f33305004495a9","hash":"3ea406c1fc99e719f5989a09c8343b1c05c7eb96"}
,"D:\\Coding\\Projects\\CMS-NuKeys\\src\\lib\\loggers\\logger.js": {"path":"D:\\Coding\\Projects\\CMS-NuKeys\\src\\lib\\loggers\\logger.js","statementMap":{"0":{"start":{"line":6,"column":15},"end":{"line":12,"column":1}},"1":{"start":{"line":18,"column":14},"end":{"line":22,"column":1}},"2":{"start":{"line":19,"column":14},"end":{"line":19,"column":51}},"3":{"start":{"line":20,"column":24},"end":{"line":20,"column":45}},"4":{"start":{"line":21,"column":2},"end":{"line":21,"column":42}},"5":{"start":{"line":27,"column":15},"end":{"line":33,"column":1}},"6":{"start":{"line":37,"column":0},"end":{"line":37,"column":26}},"7":{"start":{"line":40,"column":15},"end":{"line":49,"column":1}},"8":{"start":{"line":47,"column":14},"end":{"line":47,"column":64}},"9":{"start":{"line":53,"column":19},"end":{"line":64,"column":1}},"10":{"start":{"line":68,"column":22},"end":{"line":73,"column":2}}},"fnMap":{"0":{"name":"(anonymous_0)","decl":{"start":{"line":18,"column":14},"end":{"line":18,"column":15}},"loc":{"start":{"line":18,"column":20},"end":{"line":22,"column":1}},"line":18},"1":{"name":"(anonymous_1)","decl":{"start":{"line":47,"column":4},"end":{"line":47,"column":5}},"loc":{"start":{"line":47,"column":14},"end":{"line":47,"column":64}},"line":47}},"branchMap":{"0":{"loc":{"start":{"line":19,"column":14},"end":{"line":19,"column":51}},"type":"binary-expr","locations":[{"start":{"line":19,"column":14},"end":{"line":19,"column":34}},{"start":{"line":19,"column":38},"end":{"line":19,"column":51}}],"line":19},"1":{"loc":{"start":{"line":21,"column":9},"end":{"line":21,"column":41}},"type":"cond-expr","locations":[{"start":{"line":21,"column":25},"end":{"line":21,"column":32}},{"start":{"line":21,"column":35},"end":{"line":21,"column":41}}],"line":21}},"s":{"0":2,"1":2,"2":2,"3":2,"4":2,"5":2,"6":2,"7":2,"8":0,"9":2,"10":2},"f":{"0":2,"1":0},"b":{"0":[2,0],"1":[0,2]},"_coverageSchema":"1a1c01bbd47fc00a2c39e90264f33305004495a9","hash":"7002853d689e8af75a3339d093c344305452a10d"}
,"D:\\Coding\\Projects\\CMS-NuKeys\\src\\lib\\loggers\\morganMiddleware.js": {"path":"D:\\Coding\\Projects\\CMS-NuKeys\\src\\lib\\loggers\\morganMiddleware.js","statementMap":{"0":{"start":{"line":20,"column":13},"end":{"line":23,"column":1}},"1":{"start":{"line":21,"column":14},"end":{"line":21,"column":51}},"2":{"start":{"line":22,"column":2},"end":{"line":22,"column":31}},"3":{"start":{"line":26,"column":32},"end":{"line":41,"column":1}},"4":{"start":{"line":37,"column":26},"end":{"line":37,"column":53}}},"fnMap":{"0":{"name":"(anonymous_0)","decl":{"start":{"line":20,"column":13},"end":{"line":20,"column":14}},"loc":{"start":{"line":20,"column":19},"end":{"line":23,"column":1}},"line":20},"1":{"name":"(anonymous_1)","decl":{"start":{"line":37,"column":13},"end":{"line":37,"column":14}},"loc":{"start":{"line":37,"column":26},"end":{"line":37,"column":53}},"line":37}},"branchMap":{"0":{"loc":{"start":{"line":21,"column":14},"end":{"line":21,"column":51}},"type":"binary-expr","locations":[{"start":{"line":21,"column":14},"end":{"line":21,"column":34}},{"start":{"line":21,"column":38},"end":{"line":21,"column":51}}],"line":21}},"s":{"0":2,"1":0,"2":0,"3":2,"4":0},"f":{"0":0,"1":0},"b":{"0":[0,0]},"_coverageSchema":"1a1c01bbd47fc00a2c39e90264f33305004495a9","hash":"27eba4c8917c7ac3907533e0104865be0ee93bb9"}
,"D:\\Coding\\Projects\\CMS-NuKeys\\src\\middlewares\\index.js": {"path":"D:\\Coding\\Projects\\CMS-NuKeys\\src\\middlewares\\index.js","statementMap":{},"fnMap":{},"branchMap":{},"s":{},"f":{},"b":{},"_coverageSchema":"1a1c01bbd47fc00a2c39e90264f33305004495a9","hash":"3023e23b5f2a32bfa3a1a499d685723cb585b0ed"}
,"D:\\Coding\\Projects\\CMS-NuKeys\\src\\middlewares\\handlers\\errorHandler.js": {"path":"D:\\Coding\\Projects\\CMS-NuKeys\\src\\middlewares\\handlers\\errorHandler.js","statementMap":{"0":{"start":{"line":2,"column":28},"end":{"line":9,"column":1}},"1":{"start":{"line":3,"column":2},"end":{"line":3,"column":34}},"2":{"start":{"line":4,"column":2},"end":{"line":4,"column":50}},"3":{"start":{"line":5,"column":2},"end":{"line":8,"column":5}}},"fnMap":{"0":{"name":"(anonymous_0)","decl":{"start":{"line":2,"column":28},"end":{"line":2,"column":29}},"loc":{"start":{"line":2,"column":55},"end":{"line":9,"column":1}},"line":2}},"branchMap":{"0":{"loc":{"start":{"line":3,"column":13},"end":{"line":3,"column":32}},"type":"binary-expr","locations":[{"start":{"line":3,"column":13},"end":{"line":3,"column":25}},{"start":{"line":3,"column":29},"end":{"line":3,"column":32}}],"line":3},"1":{"loc":{"start":{"line":7,"column":13},"end":{"line":7,"column":54}},"type":"binary-expr","locations":[{"start":{"line":7,"column":13},"end":{"line":7,"column":26}},{"start":{"line":7,"column":30},"end":{"line":7,"column":54}}],"line":7}},"s":{"0":1,"1":0,"2":0,"3":0},"f":{"0":0},"b":{"0":[0,0],"1":[0,0]},"_coverageSchema":"1a1c01bbd47fc00a2c39e90264f33305004495a9","hash":"77f57e320725e61d90a2da0cf1698d70a72b7c2e"}
,"D:\\Coding\\Projects\\CMS-NuKeys\\src\\models\\index.js": {"path":"D:\\Coding\\Projects\\CMS-NuKeys\\src\\models\\index.js","statementMap":{},"fnMap":{},"branchMap":{},"s":{},"f":{},"b":{},"_coverageSchema":"1a1c01bbd47fc00a2c39e90264f33305004495a9","hash":"7f7e2754eb297a37d82f676c428e80b45c38fc35"}
,"D:\\Coding\\Projects\\CMS-NuKeys\\src\\models\\user\\index.js": {"path":"D:\\Coding\\Projects\\CMS-NuKeys\\src\\models\\user\\index.js","statementMap":{"0":{"start":{"line":6,"column":4},"end":{"line":11,"column":6}},"1":{"start":{"line":15,"column":4},"end":{"line":17,"column":7}},"2":{"start":{"line":21,"column":4},"end":{"line":21,"column":38}},"3":{"start":{"line":25,"column":4},"end":{"line":25,"column":39}},"4":{"start":{"line":29,"column":4},"end":{"line":31,"column":28}},"5":{"start":{"line":35,"column":4},"end":{"line":37,"column":13}}},"fnMap":{"0":{"name":"(anonymous_0)","decl":{"start":{"line":5,"column":2},"end":{"line":5,"column":3}},"loc":{"start":{"line":5,"column":24},"end":{"line":12,"column":3}},"line":5},"1":{"name":"(anonymous_1)","decl":{"start":{"line":14,"column":2},"end":{"line":14,"column":3}},"loc":{"start":{"line":14,"column":61},"end":{"line":18,"column":3}},"line":14},"2":{"name":"(anonymous_2)","decl":{"start":{"line":20,"column":2},"end":{"line":20,"column":3}},"loc":{"start":{"line":20,"column":26},"end":{"line":22,"column":3}},"line":20},"3":{"name":"(anonymous_3)","decl":{"start":{"line":24,"column":2},"end":{"line":24,"column":3}},"loc":{"start":{"line":24,"column":31},"end":{"line":26,"column":3}},"line":24},"4":{"name":"(anonymous_4)","decl":{"start":{"line":28,"column":2},"end":{"line":28,"column":3}},"loc":{"start":{"line":28,"column":48},"end":{"line":32,"column":3}},"line":28},"5":{"name":"(anonymous_5)","decl":{"start":{"line":34,"column":2},"end":{"line":34,"column":3}},"loc":{"start":{"line":34,"column":34},"end":{"line":38,"column":3}},"line":34}},"branchMap":{},"s":{"0":0,"1":0,"2":1,"3":1,"4":1,"5":1},"f":{"0":0,"1":0,"2":1,"3":1,"4":1,"5":1},"b":{},"_coverageSchema":"1a1c01bbd47fc00a2c39e90264f33305004495a9","hash":"b65794c1af5ec46cd7238527acbcd0ddba9ec943"}
,"D:\\Coding\\Projects\\CMS-NuKeys\\src\\models\\user\\loginUser.js": {"path":"D:\\Coding\\Projects\\CMS-NuKeys\\src\\models\\user\\loginUser.js","statementMap":{"0":{"start":{"line":6,"column":4},"end":{"line":6,"column":54}},"1":{"start":{"line":12,"column":4},"end":{"line":19,"column":11}},"2":{"start":{"line":15,"column":24},"end":{"line":19,"column":9}},"3":{"start":{"line":23,"column":4},"end":{"line":23,"column":41}}},"fnMap":{"0":{"name":"(anonymous_0)","decl":{"start":{"line":5,"column":2},"end":{"line":5,"column":3}},"loc":{"start":{"line":5,"column":38},"end":{"line":9,"column":3}},"line":5},"1":{"name":"(anonymous_1)","decl":{"start":{"line":11,"column":2},"end":{"line":11,"column":3}},"loc":{"start":{"line":11,"column":46},"end":{"line":20,"column":3}},"line":11},"2":{"name":"(anonymous_2)","decl":{"start":{"line":15,"column":12},"end":{"line":15,"column":13}},"loc":{"start":{"line":15,"column":24},"end":{"line":19,"column":9}},"line":15},"3":{"name":"(anonymous_3)","decl":{"start":{"line":22,"column":2},"end":{"line":22,"column":3}},"loc":{"start":{"line":22,"column":26},"end":{"line":24,"column":3}},"line":22}},"branchMap":{},"s":{"0":0,"1":0,"2":0,"3":0},"f":{"0":0,"1":0,"2":0,"3":0},"b":{},"_coverageSchema":"1a1c01bbd47fc00a2c39e90264f33305004495a9","hash":"3c36eaf15c80bcd78c77f6153120d107617eb316"}
,"D:\\Coding\\Projects\\CMS-NuKeys\\src\\routes\\index.js": {"path":"D:\\Coding\\Projects\\CMS-NuKeys\\src\\routes\\index.js","statementMap":{},"fnMap":{},"branchMap":{},"s":{},"f":{},"b":{},"_coverageSchema":"1a1c01bbd47fc00a2c39e90264f33305004495a9","hash":"7aa7c1e44a6b144147ee8b029bedc3aab934b419"}
,"D:\\Coding\\Projects\\CMS-NuKeys\\src\\routes\\user\\loginRoutes.js": {"path":"D:\\Coding\\Projects\\CMS-NuKeys\\src\\routes\\user\\loginRoutes.js","statementMap":{"0":{"start":{"line":4,"column":29},"end":{"line":4,"column":37}},"1":{"start":{"line":5,"column":26},"end":{"line":5,"column":49}},"2":{"start":{"line":7,"column":0},"end":{"line":7,"column":65}},"3":{"start":{"line":9,"column":0},"end":{"line":9,"column":69}},"4":{"start":{"line":15,"column":0},"end":{"line":15,"column":67}}},"fnMap":{},"branchMap":{},"s":{"0":1,"1":1,"2":1,"3":1,"4":1},"f":{},"b":{},"_coverageSchema":"1a1c01bbd47fc00a2c39e90264f33305004495a9","hash":"52e73906ee61d97de89a2b430e48ebf29ce23593"}
,"D:\\Coding\\Projects\\CMS-NuKeys\\src\\routes\\user\\userRoutes.js": {"path":"D:\\Coding\\Projects\\CMS-NuKeys\\src\\routes\\user\\userRoutes.js","statementMap":{"0":{"start":{"line":4,"column":26},"end":{"line":4,"column":34}},"1":{"start":{"line":5,"column":23},"end":{"line":5,"column":43}},"2":{"start":{"line":7,"column":0},"end":{"line":7,"column":59}},"3":{"start":{"line":9,"column":0},"end":{"line":9,"column":68}},"4":{"start":{"line":11,"column":0},"end":{"line":11,"column":84}},"5":{"start":{"line":13,"column":0},"end":{"line":13,"column":67}},"6":{"start":{"line":15,"column":0},"end":{"line":17,"column":42}}},"fnMap":{},"branchMap":{},"s":{"0":1,"1":1,"2":1,"3":1,"4":1,"5":1,"6":1},"f":{},"b":{},"_coverageSchema":"1a1c01bbd47fc00a2c39e90264f33305004495a9","hash":"f32112a8554a5a1852346d5dc6ad9c8206545af0"}
}
