{"D:\\Coding\\Projects\\CMS-NuKeys\\src\\app.js": {"path":"D:\\Coding\\Projects\\CMS-NuKeys\\src\\app.js","statementMap":{"0":{"start":{"line":8,"column":12},"end":{"line":8,"column":21}},"1":{"start":{"line":12,"column":0},"end":{"line":12,"column":26}},"2":{"start":{"line":16,"column":0},"end":{"line":16,"column":52}},"3":{"start":{"line":19,"column":0},"end":{"line":19,"column":27}},"4":{"start":{"line":22,"column":0},"end":{"line":22,"column":16}},"5":{"start":{"line":24,"column":0},"end":{"line":24,"column":22}},"6":{"start":{"line":27,"column":0},"end":{"line":27,"column":20}},"7":{"start":{"line":30,"column":0},"end":{"line":38,"column":3}},"8":{"start":{"line":31,"column":2},"end":{"line":31,"column":39}},"9":{"start":{"line":32,"column":2},"end":{"line":32,"column":36}},"10":{"start":{"line":33,"column":2},"end":{"line":33,"column":36}},"11":{"start":{"line":34,"column":2},"end":{"line":34,"column":36}},"12":{"start":{"line":35,"column":2},"end":{"line":35,"column":38}},"13":{"start":{"line":37,"column":2},"end":{"line":37,"column":26}},"14":{"start":{"line":40,"column":0},"end":{"line":42,"column":3}},"15":{"start":{"line":41,"column":2},"end":{"line":41,"column":42}}},"fnMap":{"0":{"name":"(anonymous_0)","decl":{"start":{"line":30,"column":19},"end":{"line":30,"column":20}},"loc":{"start":{"line":30,"column":31},"end":{"line":38,"column":1}},"line":30},"1":{"name":"(anonymous_1)","decl":{"start":{"line":40,"column":13},"end":{"line":40,"column":14}},"loc":{"start":{"line":40,"column":27},"end":{"line":42,"column":1}},"line":40}},"branchMap":{},"s":{"0":1,"1":1,"2":1,"3":1,"4":1,"5":1,"6":1,"7":1,"8":0,"9":0,"10":0,"11":0,"12":0,"13":0,"14":1,"15":0},"f":{"0":0,"1":0},"b":{},"_coverageSchema":"1a1c01bbd47fc00a2c39e90264f33305004495a9","hash":"e140cb7b48226839af936af434c1ca25b0305bd0"}
,"D:\\Coding\\Projects\\CMS-NuKeys\\src\\controllers\\index.js": {"path":"D:\\Coding\\Projects\\CMS-NuKeys\\src\\controllers\\index.js","statementMap":{},"fnMap":{},"branchMap":{},"s":{},"f":{},"b":{},"_coverageSchema":"1a1c01bbd47fc00a2c39e90264f33305004495a9","hash":"c9486f1c5a21262ba6496618569e8b4c7d380712"}
,"D:\\Coding\\Projects\\CMS-NuKeys\\src\\controllers\\user\\index.js": {"path":"D:\\Coding\\Projects\\CMS-NuKeys\\src\\controllers\\user\\index.js","statementMap":{"0":{"start":{"line":5,"column":21},"end":{"line":5,"column":42}},"1":{"start":{"line":7,"column":4},"end":{"line":9,"column":7}},"2":{"start":{"line":13,"column":19},"end":{"line":13,"column":40}},"3":{"start":{"line":14,"column":4},"end":{"line":14,"column":42}},"4":{"start":{"line":15,"column":4},"end":{"line":15,"column":38}},"5":{"start":{"line":16,"column":15},"end":{"line":16,"column":32}},"6":{"start":{"line":17,"column":21},"end":{"line":17,"column":47}},"7":{"start":{"line":19,"column":4},"end":{"line":21,"column":7}},"8":{"start":{"line":25,"column":41},"end":{"line":25,"column":49}},"9":{"start":{"line":26,"column":24},"end":{"line":26,"column":32}},"10":{"start":{"line":27,"column":17},"end":{"line":27,"column":73}},"11":{"start":{"line":29,"column":4},"end":{"line":29,"column":27}},"12":{"start":{"line":33,"column":4},"end":{"line":33,"column":38}},"13":{"start":{"line":34,"column":4},"end":{"line":34,"column":34}},"14":{"start":{"line":35,"column":15},"end":{"line":35,"column":32}},"15":{"start":{"line":36,"column":24},"end":{"line":36,"column":32}},"16":{"start":{"line":37,"column":17},"end":{"line":37,"column":59}},"17":{"start":{"line":39,"column":4},"end":{"line":39,"column":27}},"18":{"start":{"line":43,"column":4},"end":{"line":43,"column":28}},"19":{"start":{"line":44,"column":15},"end":{"line":44,"column":32}},"20":{"start":{"line":45,"column":21},"end":{"line":45,"column":50}},"21":{"start":{"line":47,"column":4},"end":{"line":47,"column":27}}},"fnMap":{"0":{"name":"(anonymous_0)","decl":{"start":{"line":4,"column":2},"end":{"line":4,"column":3}},"loc":{"start":{"line":4,"column":30},"end":{"line":10,"column":3}},"line":4},"1":{"name":"(anonymous_1)","decl":{"start":{"line":12,"column":2},"end":{"line":12,"column":3}},"loc":{"start":{"line":12,"column":31},"end":{"line":22,"column":3}},"line":12},"2":{"name":"(anonymous_2)","decl":{"start":{"line":24,"column":2},"end":{"line":24,"column":3}},"loc":{"start":{"line":24,"column":29},"end":{"line":30,"column":3}},"line":24},"3":{"name":"(anonymous_3)","decl":{"start":{"line":32,"column":2},"end":{"line":32,"column":3}},"loc":{"start":{"line":32,"column":36},"end":{"line":40,"column":3}},"line":32},"4":{"name":"(anonymous_4)","decl":{"start":{"line":42,"column":2},"end":{"line":42,"column":3}},"loc":{"start":{"line":42,"column":34},"end":{"line":48,"column":3}},"line":42}},"branchMap":{},"s":{"0":0,"1":0,"2":0,"3":0,"4":0,"5":0,"6":0,"7":0,"8":0,"9":0,"10":0,"11":0,"12":0,"13":0,"14":0,"15":0,"16":0,"17":0,"18":0,"19":0,"20":0,"21":0},"f":{"0":0,"1":0,"2":0,"3":0,"4":0},"b":{},"_coverageSchema":"1a1c01bbd47fc00a2c39e90264f33305004495a9","hash":"c7b7122a84d05e3fb82ce52f6034d3fd24e69dda"}
,"D:\\Coding\\Projects\\CMS-NuKeys\\src\\helpers\\index.js": {"path":"D:\\Coding\\Projects\\CMS-NuKeys\\src\\helpers\\index.js","statementMap":{},"fnMap":{},"branchMap":{},"s":{},"f":{},"b":{},"_coverageSchema":"1a1c01bbd47fc00a2c39e90264f33305004495a9","hash":"ac8bc6a24949b9c276c254ff9a0db900a26e23f3"}
,"D:\\Coding\\Projects\\CMS-NuKeys\\src\\helpers\\tests\\index.js": {"path":"D:\\Coding\\Projects\\CMS-NuKeys\\src\\helpers\\tests\\index.js","statementMap":{"0":{"start":{"line":7,"column":2},"end":{"line":7,"column":26}},"1":{"start":{"line":8,"column":2},"end":{"line":8,"column":61}},"2":{"start":{"line":9,"column":2},"end":{"line":18,"column":3}},"3":{"start":{"line":9,"column":15},"end":{"line":9,"column":16}},"4":{"start":{"line":10,"column":4},"end":{"line":17,"column":7}},"5":{"start":{"line":19,"column":2},"end":{"line":26,"column":5}},"6":{"start":{"line":30,"column":2},"end":{"line":30,"column":26}},"7":{"start":{"line":31,"column":2},"end":{"line":31,"column":61}}},"fnMap":{"0":{"name":"populateUsers","decl":{"start":{"line":6,"column":22},"end":{"line":6,"column":35}},"loc":{"start":{"line":6,"column":38},"end":{"line":27,"column":1}},"line":6},"1":{"name":"purgeUsersTable","decl":{"start":{"line":29,"column":22},"end":{"line":29,"column":37}},"loc":{"start":{"line":29,"column":40},"end":{"line":32,"column":1}},"line":29}},"branchMap":{},"s":{"0":1,"1":1,"2":1,"3":1,"4":10,"5":1,"6":1,"7":1},"f":{"0":1,"1":1},"b":{},"_coverageSchema":"1a1c01bbd47fc00a2c39e90264f33305004495a9","hash":"f612c09d3a6d497b7cad74504029437e13a10a4f"}
,"D:\\Coding\\Projects\\CMS-NuKeys\\src\\lib\\index.js": {"path":"D:\\Coding\\Projects\\CMS-NuKeys\\src\\lib\\index.js","statementMap":{},"fnMap":{},"branchMap":{},"s":{},"f":{},"b":{},"_coverageSchema":"1a1c01bbd47fc00a2c39e90264f33305004495a9","hash":"7162c29c0b7e5cf9b8c51fcfef321d14b3ca0040"}
,"D:\\Coding\\Projects\\CMS-NuKeys\\src\\lib\\knex\\config.js": {"path":"D:\\Coding\\Projects\\CMS-NuKeys\\src\\lib\\knex\\config.js","statementMap":{"0":{"start":{"line":1,"column":15},"end":{"line":1,"column":32}},"1":{"start":{"line":2,"column":13},"end":{"line":2,"column":28}},"2":{"start":{"line":4,"column":0},"end":{"line":4,"column":66}},"3":{"start":{"line":6,"column":23},"end":{"line":6,"column":46}},"4":{"start":{"line":9,"column":2},"end":{"line":11,"column":24}},"5":{"start":{"line":13,"column":19},"end":{"line":23,"column":1}},"6":{"start":{"line":25,"column":0},"end":{"line":25,"column":28}}},"fnMap":{},"branchMap":{"0":{"loc":{"start":{"line":9,"column":2},"end":{"line":11,"column":24}},"type":"cond-expr","locations":[{"start":{"line":10,"column":6},"end":{"line":10,"column":29}},{"start":{"line":11,"column":6},"end":{"line":11,"column":24}}],"line":9}},"s":{"0":2,"1":2,"2":2,"3":2,"4":2,"5":2,"6":2},"f":{},"b":{"0":[2,0]},"_coverageSchema":"1a1c01bbd47fc00a2c39e90264f33305004495a9","hash":"7df7799a1bf8dee964b7083ace7935a1536b38ed"}
,"D:\\Coding\\Projects\\CMS-NuKeys\\src\\lib\\knex\\index.js": {"path":"D:\\Coding\\Projects\\CMS-NuKeys\\src\\lib\\knex\\index.js","statementMap":{"0":{"start":{"line":4,"column":11},"end":{"line":4,"column":27}}},"fnMap":{},"branchMap":{},"s":{"0":2},"f":{},"b":{},"_coverageSchema":"1a1c01bbd47fc00a2c39e90264f33305004495a9","hash":"c8c6781d34205e96bcfc37901ab1bf665f3c6119"}
,"D:\\Coding\\Projects\\CMS-NuKeys\\src\\lib\\loggers\\logger.js": {"path":"D:\\Coding\\Projects\\CMS-NuKeys\\src\\lib\\loggers\\logger.js","statementMap":{"0":{"start":{"line":6,"column":15},"end":{"line":12,"column":1}},"1":{"start":{"line":18,"column":14},"end":{"line":22,"column":1}},"2":{"start":{"line":19,"column":14},"end":{"line":19,"column":51}},"3":{"start":{"line":20,"column":24},"end":{"line":20,"column":45}},"4":{"start":{"line":21,"column":2},"end":{"line":21,"column":42}},"5":{"start":{"line":27,"column":15},"end":{"line":33,"column":1}},"6":{"start":{"line":37,"column":0},"end":{"line":37,"column":26}},"7":{"start":{"line":40,"column":15},"end":{"line":49,"column":1}},"8":{"start":{"line":47,"column":14},"end":{"line":47,"column":64}},"9":{"start":{"line":53,"column":19},"end":{"line":64,"column":1}},"10":{"start":{"line":68,"column":22},"end":{"line":73,"column":2}}},"fnMap":{"0":{"name":"(anonymous_0)","decl":{"start":{"line":18,"column":14},"end":{"line":18,"column":15}},"loc":{"start":{"line":18,"column":20},"end":{"line":22,"column":1}},"line":18},"1":{"name":"(anonymous_1)","decl":{"start":{"line":47,"column":4},"end":{"line":47,"column":5}},"loc":{"start":{"line":47,"column":14},"end":{"line":47,"column":64}},"line":47}},"branchMap":{"0":{"loc":{"start":{"line":19,"column":14},"end":{"line":19,"column":51}},"type":"binary-expr","locations":[{"start":{"line":19,"column":14},"end":{"line":19,"column":34}},{"start":{"line":19,"column":38},"end":{"line":19,"column":51}}],"line":19},"1":{"loc":{"start":{"line":21,"column":9},"end":{"line":21,"column":41}},"type":"cond-expr","locations":[{"start":{"line":21,"column":25},"end":{"line":21,"column":32}},{"start":{"line":21,"column":35},"end":{"line":21,"column":41}}],"line":21}},"s":{"0":1,"1":1,"2":1,"3":1,"4":1,"5":1,"6":1,"7":1,"8":0,"9":1,"10":1},"f":{"0":1,"1":0},"b":{"0":[1,0],"1":[0,1]},"_coverageSchema":"1a1c01bbd47fc00a2c39e90264f33305004495a9","hash":"7002853d689e8af75a3339d093c344305452a10d"}
,"D:\\Coding\\Projects\\CMS-NuKeys\\src\\lib\\loggers\\morganMiddleware.js": {"path":"D:\\Coding\\Projects\\CMS-NuKeys\\src\\lib\\loggers\\morganMiddleware.js","statementMap":{"0":{"start":{"line":20,"column":13},"end":{"line":23,"column":1}},"1":{"start":{"line":21,"column":14},"end":{"line":21,"column":51}},"2":{"start":{"line":22,"column":2},"end":{"line":22,"column":31}},"3":{"start":{"line":26,"column":32},"end":{"line":41,"column":1}},"4":{"start":{"line":37,"column":26},"end":{"line":37,"column":53}}},"fnMap":{"0":{"name":"(anonymous_0)","decl":{"start":{"line":20,"column":13},"end":{"line":20,"column":14}},"loc":{"start":{"line":20,"column":19},"end":{"line":23,"column":1}},"line":20},"1":{"name":"(anonymous_1)","decl":{"start":{"line":37,"column":13},"end":{"line":37,"column":14}},"loc":{"start":{"line":37,"column":26},"end":{"line":37,"column":53}},"line":37}},"branchMap":{"0":{"loc":{"start":{"line":21,"column":14},"end":{"line":21,"column":51}},"type":"binary-expr","locations":[{"start":{"line":21,"column":14},"end":{"line":21,"column":34}},{"start":{"line":21,"column":38},"end":{"line":21,"column":51}}],"line":21}},"s":{"0":1,"1":0,"2":0,"3":1,"4":0},"f":{"0":0,"1":0},"b":{"0":[0,0]},"_coverageSchema":"1a1c01bbd47fc00a2c39e90264f33305004495a9","hash":"27eba4c8917c7ac3907533e0104865be0ee93bb9"}
,"D:\\Coding\\Projects\\CMS-NuKeys\\src\\middlewares\\index.js": {"path":"D:\\Coding\\Projects\\CMS-NuKeys\\src\\middlewares\\index.js","statementMap":{},"fnMap":{},"branchMap":{},"s":{},"f":{},"b":{},"_coverageSchema":"1a1c01bbd47fc00a2c39e90264f33305004495a9","hash":"3023e23b5f2a32bfa3a1a499d685723cb585b0ed"}
,"D:\\Coding\\Projects\\CMS-NuKeys\\src\\middlewares\\handlers\\errorHandler.js": {"path":"D:\\Coding\\Projects\\CMS-NuKeys\\src\\middlewares\\handlers\\errorHandler.js","statementMap":{"0":{"start":{"line":2,"column":28},"end":{"line":9,"column":1}},"1":{"start":{"line":3,"column":2},"end":{"line":3,"column":34}},"2":{"start":{"line":4,"column":2},"end":{"line":4,"column":50}},"3":{"start":{"line":5,"column":2},"end":{"line":8,"column":5}}},"fnMap":{"0":{"name":"(anonymous_0)","decl":{"start":{"line":2,"column":28},"end":{"line":2,"column":29}},"loc":{"start":{"line":2,"column":55},"end":{"line":9,"column":1}},"line":2}},"branchMap":{"0":{"loc":{"start":{"line":3,"column":13},"end":{"line":3,"column":32}},"type":"binary-expr","locations":[{"start":{"line":3,"column":13},"end":{"line":3,"column":25}},{"start":{"line":3,"column":29},"end":{"line":3,"column":32}}],"line":3},"1":{"loc":{"start":{"line":7,"column":13},"end":{"line":7,"column":54}},"type":"binary-expr","locations":[{"start":{"line":7,"column":13},"end":{"line":7,"column":26}},{"start":{"line":7,"column":30},"end":{"line":7,"column":54}}],"line":7}},"s":{"0":1,"1":0,"2":0,"3":0},"f":{"0":0},"b":{"0":[0,0],"1":[0,0]},"_coverageSchema":"1a1c01bbd47fc00a2c39e90264f33305004495a9","hash":"77f57e320725e61d90a2da0cf1698d70a72b7c2e"}
,"D:\\Coding\\Projects\\CMS-NuKeys\\src\\models\\index.js": {"path":"D:\\Coding\\Projects\\CMS-NuKeys\\src\\models\\index.js","statementMap":{},"fnMap":{},"branchMap":{},"s":{},"f":{},"b":{},"_coverageSchema":"1a1c01bbd47fc00a2c39e90264f33305004495a9","hash":"7f7e2754eb297a37d82f676c428e80b45c38fc35"}
,"D:\\Coding\\Projects\\CMS-NuKeys\\src\\models\\user\\index.js": {"path":"D:\\Coding\\Projects\\CMS-NuKeys\\src\\models\\user\\index.js","statementMap":{"0":{"start":{"line":5,"column":4},"end":{"line":10,"column":6}},"1":{"start":{"line":14,"column":4},"end":{"line":16,"column":7}},"2":{"start":{"line":20,"column":4},"end":{"line":20,"column":38}},"3":{"start":{"line":24,"column":4},"end":{"line":24,"column":39}},"4":{"start":{"line":28,"column":4},"end":{"line":30,"column":28}},"5":{"start":{"line":34,"column":4},"end":{"line":36,"column":13}}},"fnMap":{"0":{"name":"(anonymous_0)","decl":{"start":{"line":4,"column":2},"end":{"line":4,"column":3}},"loc":{"start":{"line":4,"column":24},"end":{"line":11,"column":3}},"line":4},"1":{"name":"(anonymous_1)","decl":{"start":{"line":13,"column":2},"end":{"line":13,"column":3}},"loc":{"start":{"line":13,"column":61},"end":{"line":17,"column":3}},"line":13},"2":{"name":"(anonymous_2)","decl":{"start":{"line":19,"column":2},"end":{"line":19,"column":3}},"loc":{"start":{"line":19,"column":26},"end":{"line":21,"column":3}},"line":19},"3":{"name":"(anonymous_3)","decl":{"start":{"line":23,"column":2},"end":{"line":23,"column":3}},"loc":{"start":{"line":23,"column":31},"end":{"line":25,"column":3}},"line":23},"4":{"name":"(anonymous_4)","decl":{"start":{"line":27,"column":2},"end":{"line":27,"column":3}},"loc":{"start":{"line":27,"column":48},"end":{"line":31,"column":3}},"line":27},"5":{"name":"(anonymous_5)","decl":{"start":{"line":33,"column":2},"end":{"line":33,"column":3}},"loc":{"start":{"line":33,"column":34},"end":{"line":37,"column":3}},"line":33}},"branchMap":{},"s":{"0":0,"1":1,"2":1,"3":1,"4":1,"5":1},"f":{"0":0,"1":1,"2":1,"3":1,"4":1,"5":1},"b":{},"_coverageSchema":"1a1c01bbd47fc00a2c39e90264f33305004495a9","hash":"cd635adfa0412dd3ff3b90b73958094ec47c6d79"}
,"D:\\Coding\\Projects\\CMS-NuKeys\\src\\routes\\index.js": {"path":"D:\\Coding\\Projects\\CMS-NuKeys\\src\\routes\\index.js","statementMap":{},"fnMap":{},"branchMap":{},"s":{},"f":{},"b":{},"_coverageSchema":"1a1c01bbd47fc00a2c39e90264f33305004495a9","hash":"7aa7c1e44a6b144147ee8b029bedc3aab934b419"}
,"D:\\Coding\\Projects\\CMS-NuKeys\\src\\routes\\user\\userRoutes.js": {"path":"D:\\Coding\\Projects\\CMS-NuKeys\\src\\routes\\user\\userRoutes.js","statementMap":{"0":{"start":{"line":4,"column":26},"end":{"line":4,"column":34}},"1":{"start":{"line":5,"column":23},"end":{"line":5,"column":43}},"2":{"start":{"line":7,"column":0},"end":{"line":7,"column":59}},"3":{"start":{"line":9,"column":0},"end":{"line":9,"column":68}},"4":{"start":{"line":11,"column":0},"end":{"line":11,"column":84}},"5":{"start":{"line":13,"column":0},"end":{"line":13,"column":67}},"6":{"start":{"line":15,"column":0},"end":{"line":17,"column":42}}},"fnMap":{},"branchMap":{},"s":{"0":1,"1":1,"2":1,"3":1,"4":1,"5":1,"6":1},"f":{},"b":{},"_coverageSchema":"1a1c01bbd47fc00a2c39e90264f33305004495a9","hash":"f32112a8554a5a1852346d5dc6ad9c8206545af0"}
}
